# JRE version: OpenJDK Runtime Environment (8.0_202-b03) (build 1.8.0_202-release-1483-b03)
# Java VM: OpenJDK 64-Bit Server VM (25.202-b03 mixed mode windows-amd64 compressed oops)
Heap:
 PSYoungGen      total 312832K, used 161494K [0x00000000e0000000, 0x00000000f7080000, 0x0000000100000000)
  eden space 289280K, 55% used [0x00000000e0000000,0x00000000e9db5970,0x00000000f1a80000)
  from space 23552K, 0% used [0x00000000f1a80000,0x00000000f1a80000,0x00000000f3180000)
  to   space 22528K, 0% used [0x00000000f5a80000,0x00000000f5a80000,0x00000000f7080000)
 ParOldGen       total 138752K, used 64174K [0x00000000a0000000, 0x00000000a8780000, 0x00000000e0000000)
  object space 138752K, 46% used [0x00000000a0000000,0x00000000a3eab968,0x00000000a8780000)
 Metaspace       used 86513K, capacity 89736K, committed 90072K, reserved 1128448K
  class space    used 11319K, capacity 11969K, committed 12032K, reserved 1048576K
GC Heap History (10 events):
Event: 186.516 GC heap before
{Heap before GC invocations=28 (full 3):
 PSYoungGen      total 273408K, used 260628K [0x00000000e0000000, 0x00000000f2680000, 0x0000000100000000)
  eden space 251392K, 100% used [0x00000000e0000000,0x00000000ef580000,0x00000000ef580000)
  from space 22016K, 41% used [0x00000000f1100000,0x00000000f1a05330,0x00000000f2680000)
  to   space 25088K, 0% used [0x00000000ef580000,0x00000000ef580000,0x00000000f0e00000)
 ParOldGen       total 77824K, used 61115K [0x00000000a0000000, 0x00000000a4c00000, 0x00000000e0000000)
  object space 77824K, 78% used [0x00000000a0000000,0x00000000a3baeca8,0x00000000a4c00000)
 Metaspace       used 86543K, capacity 89980K, committed 90072K, reserved 1128448K
  class space    used 11348K, capacity 12025K, committed 12032K, reserved 1048576K
Event: 188.084 GC heap after
Heap after GC invocations=28 (full 3):
 PSYoungGen      total 276480K, used 4231K [0x00000000e0000000, 0x00000000f4f80000, 0x0000000100000000)
  eden space 251392K, 0% used [0x00000000e0000000,0x00000000e0000000,0x00000000ef580000)
  from space 25088K, 16% used [0x00000000ef580000,0x00000000ef9a1ce8,0x00000000f0e00000)
  to   space 24576K, 0% used [0x00000000f3780000,0x00000000f3780000,0x00000000f4f80000)
 ParOldGen       total 77824K, used 68133K [0x00000000a0000000, 0x00000000a4c00000, 0x00000000e0000000)
  object space 77824K, 87% used [0x00000000a0000000,0x00000000a4289678,0x00000000a4c00000)
 Metaspace       used 86543K, capacity 89980K, committed 90072K, reserved 1128448K
  class space    used 11348K, capacity 12025K, committed 12032K, reserved 1048576K
}
Event: 188.085 GC heap before
{Heap before GC invocations=29 (full 4):
 PSYoungGen      total 276480K, used 4231K [0x00000000e0000000, 0x00000000f4f80000, 0x0000000100000000)
  eden space 251392K, 0% used [0x00000000e0000000,0x00000000e0000000,0x00000000ef580000)
  from space 25088K, 16% used [0x00000000ef580000,0x00000000ef9a1ce8,0x00000000f0e00000)
  to   space 24576K, 0% used [0x00000000f3780000,0x00000000f3780000,0x00000000f4f80000)
 ParOldGen       total 77824K, used 68133K [0x00000000a0000000, 0x00000000a4c00000, 0x00000000e0000000)
  object space 77824K, 87% used [0x00000000a0000000,0x00000000a4289678,0x00000000a4c00000)
 Metaspace       used 86543K, capacity 89980K, committed 90072K, reserved 1128448K
  class space    used 11348K, capacity 12025K, committed 12032K, reserved 1048576K
Event: 197.686 GC heap after
Heap after GC invocations=29 (full 4):
 PSYoungGen      total 276480K, used 0K [0x00000000e0000000, 0x00000000f4f80000, 0x0000000100000000)
  eden space 251392K, 0% used [0x00000000e0000000,0x00000000e0000000,0x00000000ef580000)
  from space 25088K, 0% used [0x00000000ef580000,0x00000000ef580000,0x00000000f0e00000)
  to   space 24576K, 0% used [0x00000000f3780000,0x00000000f3780000,0x00000000f4f80000)
 ParOldGen       total 77824K, used 63826K [0x00000000a0000000, 0x00000000a4c00000, 0x00000000e0000000)
  object space 77824K, 82% used [0x00000000a0000000,0x00000000a3e54888,0x00000000a4c00000)
 Metaspace       used 86433K, capacity 89690K, committed 90072K, reserved 1128448K
  class space    used 11313K, capacity 11964K, committed 12032K, reserved 1048576K
}
Event: 213.089 GC heap before
{Heap before GC invocations=30 (full 4):
 PSYoungGen      total 276480K, used 251392K [0x00000000e0000000, 0x00000000f4f80000, 0x0000000100000000)
  eden space 251392K, 100% used [0x00000000e0000000,0x00000000ef580000,0x00000000ef580000)
  from space 25088K, 0% used [0x00000000ef580000,0x00000000ef580000,0x00000000f0e00000)
  to   space 24576K, 0% used [0x00000000f3780000,0x00000000f3780000,0x00000000f4f80000)
 ParOldGen       total 77824K, used 63826K [0x00000000a0000000, 0x00000000a4c00000, 0x00000000e0000000)
  object space 77824K, 82% used [0x00000000a0000000,0x00000000a3e54888,0x00000000a4c00000)
 Metaspace       used 86465K, capacity 89710K, committed 90072K, reserved 1128448K
  class space    used 11314K, capacity 11964K, committed 12032K, reserved 1048576K
Event: 213.542 GC heap after
Heap after GC invocations=30 (full 4):
 PSYoungGen      total 306688K, used 8258K [0x00000000e0000000, 0x00000000f4880000, 0x0000000100000000)
  eden space 289280K, 0% used [0x00000000e0000000,0x00000000e0000000,0x00000000f1a80000)
  from space 17408K, 47% used [0x00000000f3780000,0x00000000f3f90be0,0x00000000f4880000)
  to   space 23552K, 0% used [0x00000000f1a80000,0x00000000f1a80000,0x00000000f3180000)
 ParOldGen       total 77824K, used 63834K [0x00000000a0000000, 0x00000000a4c00000, 0x00000000e0000000)
  object space 77824K, 82% used [0x00000000a0000000,0x00000000a3e56888,0x00000000a4c00000)
 Metaspace       used 86465K, capacity 89710K, committed 90072K, reserved 1128448K
  class space    used 11314K, capacity 11964K, committed 12032K, reserved 1048576K
}
Event: 220.362 GC heap before
{Heap before GC invocations=31 (full 4):
 PSYoungGen      total 306688K, used 297538K [0x00000000e0000000, 0x00000000f4880000, 0x0000000100000000)
  eden space 289280K, 100% used [0x00000000e0000000,0x00000000f1a80000,0x00000000f1a80000)
  from space 17408K, 47% used [0x00000000f3780000,0x00000000f3f90be0,0x00000000f4880000)
  to   space 23552K, 0% used [0x00000000f1a80000,0x00000000f1a80000,0x00000000f3180000)
 ParOldGen       total 77824K, used 63834K [0x00000000a0000000, 0x00000000a4c00000, 0x00000000e0000000)
  object space 77824K, 82% used [0x00000000a0000000,0x00000000a3e56888,0x00000000a4c00000)
 Metaspace       used 86502K, capacity 89730K, committed 90072K, reserved 1128448K
  class space    used 11318K, capacity 11968K, committed 12032K, reserved 1048576K
Event: 220.669 GC heap after
Heap after GC invocations=31 (full 4):
 PSYoungGen      total 312832K, used 8931K [0x00000000e0000000, 0x00000000f7080000, 0x0000000100000000)
  eden space 289280K, 0% used [0x00000000e0000000,0x00000000e0000000,0x00000000f1a80000)
  from space 23552K, 37% used [0x00000000f1a80000,0x00000000f2338c70,0x00000000f3180000)
  to   space 22528K, 0% used [0x00000000f5a80000,0x00000000f5a80000,0x00000000f7080000)
 ParOldGen       total 77824K, used 70583K [0x00000000a0000000, 0x00000000a4c00000, 0x00000000e0000000)
  object space 77824K, 90% used [0x00000000a0000000,0x00000000a44edeb8,0x00000000a4c00000)
 Metaspace       used 86502K, capacity 89730K, committed 90072K, reserved 1128448K
  class space    used 11318K, capacity 11968K, committed 12032K, reserved 1048576K
}
Event: 220.669 GC heap before
{Heap before GC invocations=32 (full 5):
 PSYoungGen      total 312832K, used 8931K [0x00000000e0000000, 0x00000000f7080000, 0x0000000100000000)
  eden space 289280K, 0% used [0x00000000e0000000,0x00000000e0000000,0x00000000f1a80000)
  from space 23552K, 37% used [0x00000000f1a80000,0x00000000f2338c70,0x00000000f3180000)
  to   space 22528K, 0% used [0x00000000f5a80000,0x00000000f5a80000,0x00000000f7080000)
 ParOldGen       total 77824K, used 70583K [0x00000000a0000000, 0x00000000a4c00000, 0x00000000e0000000)
  object space 77824K, 90% used [0x00000000a0000000,0x00000000a44edeb8,0x00000000a4c00000)
 Metaspace       used 86502K, capacity 89730K, committed 90072K, reserved 1128448K
  class space    used 11318K, capacity 11968K, committed 12032K, reserved 1048576K
Event: 225.340 GC heap after
Heap after GC invocations=32 (full 5):
 PSYoungGen      total 312832K, used 0K [0x00000000e0000000, 0x00000000f7080000, 0x0000000100000000)
  eden space 289280K, 0% used [0x00000000e0000000,0x00000000e0000000,0x00000000f1a80000)
  from space 23552K, 0% used [0x00000000f1a80000,0x00000000f1a80000,0x00000000f3180000)
  to   space 22528K, 0% used [0x00000000f5a80000,0x00000000f5a80000,0x00000000f7080000)
 ParOldGen       total 138752K, used 64174K [0x00000000a0000000, 0x00000000a8780000, 0x00000000e0000000)
  object space 138752K, 46% used [0x00000000a0000000,0x00000000a3eab968,0x00000000a8780000)
 Metaspace       used 86502K, capacity 89730K, committed 90072K, reserved 1128448K
  class space    used 11318K, capacity 11968K, committed 12032K, reserved 1048576K
}

