# JRE version: OpenJDK Runtime Environment (8.0_202-b03) (build 1.8.0_202-release-1483-b03)
# Java VM: OpenJDK 64-Bit Server VM (25.202-b03 mixed mode windows-amd64 compressed oops)
Heap:
 PSYoungGen      total 241152K, used 98108K [0x00000000e0000000, 0x00000000f1600000, 0x0000000100000000)
  eden space 218112K, 34% used [0x00000000e0000000,0x00000000e4953ee0,0x00000000ed500000)
  from space 23040K, 99% used [0x00000000ef080000,0x00000000f06fb2f8,0x00000000f0700000)
  to   space 28160K, 0% used [0x00000000ed500000,0x00000000ed500000,0x00000000ef080000)
 ParOldGen       total 118272K, used 47605K [0x00000000a0000000, 0x00000000a7380000, 0x00000000e0000000)
  object space 118272K, 40% used [0x00000000a0000000,0x00000000a2e7d720,0x00000000a7380000)
 Metaspace       used 119916K, capacity 124420K, committed 124632K, reserved 1157120K
  class space    used 15371K, capacity 16220K, committed 16344K, reserved 1048576K
GC Heap History (10 events):
Event: 1858.769 GC heap before
{Heap before GC invocations=24 (full 4):
 PSYoungGen      total 161792K, used 134656K [0x00000000e0000000, 0x00000000ecc00000, 0x0000000100000000)
  eden space 134656K, 100% used [0x00000000e0000000,0x00000000e8380000,0x00000000e8380000)
  from space 27136K, 0% used [0x00000000e8380000,0x00000000e8380000,0x00000000e9e00000)
  to   space 25600K, 0% used [0x00000000eb300000,0x00000000eb300000,0x00000000ecc00000)
 ParOldGen       total 118272K, used 41760K [0x00000000a0000000, 0x00000000a7380000, 0x00000000e0000000)
  object space 118272K, 35% used [0x00000000a0000000,0x00000000a28c80a8,0x00000000a7380000)
 Metaspace       used 97528K, capacity 100684K, committed 101080K, reserved 1136640K
  class space    used 12515K, capacity 13196K, committed 13272K, reserved 1048576K
Event: 1859.060 GC heap after
Heap after GC invocations=24 (full 4):
 PSYoungGen      total 183296K, used 14406K [0x00000000e0000000, 0x00000000ecf80000, 0x0000000100000000)
  eden space 157696K, 0% used [0x00000000e0000000,0x00000000e0000000,0x00000000e9a00000)
  from space 25600K, 56% used [0x00000000eb300000,0x00000000ec111a18,0x00000000ecc00000)
  to   space 25600K, 0% used [0x00000000e9a00000,0x00000000e9a00000,0x00000000eb300000)
 ParOldGen       total 118272K, used 41768K [0x00000000a0000000, 0x00000000a7380000, 0x00000000e0000000)
  object space 118272K, 35% used [0x00000000a0000000,0x00000000a28ca0a8,0x00000000a7380000)
 Metaspace       used 97528K, capacity 100684K, committed 101080K, reserved 1136640K
  class space    used 12515K, capacity 13196K, committed 13272K, reserved 1048576K
}
Event: 1884.081 GC heap before
{Heap before GC invocations=25 (full 4):
 PSYoungGen      total 183296K, used 172102K [0x00000000e0000000, 0x00000000ecf80000, 0x0000000100000000)
  eden space 157696K, 100% used [0x00000000e0000000,0x00000000e9a00000,0x00000000e9a00000)
  from space 25600K, 56% used [0x00000000eb300000,0x00000000ec111a18,0x00000000ecc00000)
  to   space 25600K, 0% used [0x00000000e9a00000,0x00000000e9a00000,0x00000000eb300000)
 ParOldGen       total 118272K, used 41768K [0x00000000a0000000, 0x00000000a7380000, 0x00000000e0000000)
  object space 118272K, 35% used [0x00000000a0000000,0x00000000a28ca0a8,0x00000000a7380000)
 Metaspace       used 103263K, capacity 106564K, committed 106840K, reserved 1142784K
  class space    used 13178K, capacity 13868K, committed 13912K, reserved 1048576K
Event: 1884.556 GC heap after
Heap after GC invocations=25 (full 4):
 PSYoungGen      total 183296K, used 13563K [0x00000000e0000000, 0x00000000ee780000, 0x0000000100000000)
  eden space 157696K, 0% used [0x00000000e0000000,0x00000000e0000000,0x00000000e9a00000)
  from space 25600K, 52% used [0x00000000e9a00000,0x00000000ea73ef38,0x00000000eb300000)
  to   space 24576K, 0% used [0x00000000ecf80000,0x00000000ecf80000,0x00000000ee780000)
 ParOldGen       total 118272K, used 41776K [0x00000000a0000000, 0x00000000a7380000, 0x00000000e0000000)
  object space 118272K, 35% used [0x00000000a0000000,0x00000000a28cc0a8,0x00000000a7380000)
 Metaspace       used 103263K, capacity 106564K, committed 106840K, reserved 1142784K
  class space    used 13178K, capacity 13868K, committed 13912K, reserved 1048576K
}
Event: 1958.145 GC heap before
{Heap before GC invocations=26 (full 4):
 PSYoungGen      total 183296K, used 171259K [0x00000000e0000000, 0x00000000ee780000, 0x0000000100000000)
  eden space 157696K, 100% used [0x00000000e0000000,0x00000000e9a00000,0x00000000e9a00000)
  from space 25600K, 52% used [0x00000000e9a00000,0x00000000ea73ef38,0x00000000eb300000)
  to   space 24576K, 0% used [0x00000000ecf80000,0x00000000ecf80000,0x00000000ee780000)
 ParOldGen       total 118272K, used 41776K [0x00000000a0000000, 0x00000000a7380000, 0x00000000e0000000)
  object space 118272K, 35% used [0x00000000a0000000,0x00000000a28cc0a8,0x00000000a7380000)
 Metaspace       used 105366K, capacity 108866K, committed 109016K, reserved 1144832K
  class space    used 13475K, capacity 14208K, committed 14296K, reserved 1048576K
Event: 1958.415 GC heap after
Heap after GC invocations=26 (full 4):
 PSYoungGen      total 203264K, used 11857K [0x00000000e0000000, 0x00000000ee200000, 0x0000000100000000)
  eden space 184320K, 0% used [0x00000000e0000000,0x00000000e0000000,0x00000000eb400000)
  from space 18944K, 62% used [0x00000000ecf80000,0x00000000edb144f0,0x00000000ee200000)
  to   space 23552K, 0% used [0x00000000eb400000,0x00000000eb400000,0x00000000ecb00000)
 ParOldGen       total 118272K, used 41784K [0x00000000a0000000, 0x00000000a7380000, 0x00000000e0000000)
  object space 118272K, 35% used [0x00000000a0000000,0x00000000a28ce0a8,0x00000000a7380000)
 Metaspace       used 105366K, capacity 108866K, committed 109016K, reserved 1144832K
  class space    used 13475K, capacity 14208K, committed 14296K, reserved 1048576K
}
Event: 1967.487 GC heap before
{Heap before GC invocations=27 (full 4):
 PSYoungGen      total 203264K, used 196177K [0x00000000e0000000, 0x00000000ee200000, 0x0000000100000000)
  eden space 184320K, 100% used [0x00000000e0000000,0x00000000eb400000,0x00000000eb400000)
  from space 18944K, 62% used [0x00000000ecf80000,0x00000000edb144f0,0x00000000ee200000)
  to   space 23552K, 0% used [0x00000000eb400000,0x00000000eb400000,0x00000000ecb00000)
 ParOldGen       total 118272K, used 41784K [0x00000000a0000000, 0x00000000a7380000, 0x00000000e0000000)
  object space 118272K, 35% used [0x00000000a0000000,0x00000000a28ce0a8,0x00000000a7380000)
 Metaspace       used 109246K, capacity 112944K, committed 113112K, reserved 1146880K
  class space    used 13975K, capacity 14758K, committed 14808K, reserved 1048576K
Event: 1968.034 GC heap after
Heap after GC invocations=27 (full 4):
 PSYoungGen      total 207872K, used 13131K [0x00000000e0000000, 0x00000000f0700000, 0x0000000100000000)
  eden space 184320K, 0% used [0x00000000e0000000,0x00000000e0000000,0x00000000eb400000)
  from space 23552K, 55% used [0x00000000eb400000,0x00000000ec0d2d78,0x00000000ecb00000)
  to   space 23040K, 0% used [0x00000000ef080000,0x00000000ef080000,0x00000000f0700000)
 ParOldGen       total 118272K, used 41792K [0x00000000a0000000, 0x00000000a7380000, 0x00000000e0000000)
  object space 118272K, 35% used [0x00000000a0000000,0x00000000a28d00a8,0x00000000a7380000)
 Metaspace       used 109246K, capacity 112944K, committed 113112K, reserved 1146880K
  class space    used 13975K, capacity 14758K, committed 14808K, reserved 1048576K
}
Event: 1979.327 GC heap before
{Heap before GC invocations=28 (full 4):
 PSYoungGen      total 207872K, used 197451K [0x00000000e0000000, 0x00000000f0700000, 0x0000000100000000)
  eden space 184320K, 100% used [0x00000000e0000000,0x00000000eb400000,0x00000000eb400000)
  from space 23552K, 55% used [0x00000000eb400000,0x00000000ec0d2d78,0x00000000ecb00000)
  to   space 23040K, 0% used [0x00000000ef080000,0x00000000ef080000,0x00000000f0700000)
 ParOldGen       total 118272K, used 41792K [0x00000000a0000000, 0x00000000a7380000, 0x00000000e0000000)
  object space 118272K, 35% used [0x00000000a0000000,0x00000000a28d00a8,0x00000000a7380000)
 Metaspace       used 118189K, capacity 122546K, committed 122840K, reserved 1157120K
  class space    used 15225K, capacity 16023K, committed 16088K, reserved 1048576K
Event: 1980.071 GC heap after
Heap after GC invocations=28 (full 4):
 PSYoungGen      total 241152K, used 23020K [0x00000000e0000000, 0x00000000f1600000, 0x0000000100000000)
  eden space 218112K, 0% used [0x00000000e0000000,0x00000000e0000000,0x00000000ed500000)
  from space 23040K, 99% used [0x00000000ef080000,0x00000000f06fb2f8,0x00000000f0700000)
  to   space 28160K, 0% used [0x00000000ed500000,0x00000000ed500000,0x00000000ef080000)
 ParOldGen       total 118272K, used 47605K [0x00000000a0000000, 0x00000000a7380000, 0x00000000e0000000)
  object space 118272K, 40% used [0x00000000a0000000,0x00000000a2e7d720,0x00000000a7380000)
 Metaspace       used 118189K, capacity 122546K, committed 122840K, reserved 1157120K
  class space    used 15225K, capacity 16023K, committed 16088K, reserved 1048576K
}

